{
  "Cucumber Features": {
    "coverage": {
      "/home/winmad/THU/SaaS/BookManage/app/controllers/application_controller.rb": [
        1,
        1,
        null,
        1,
        null,
        1,
        178,
        48,
        31,
        null,
        null,
        178,
        null,
        null,
        1,
        58,
        47,
        null,
        null,
        null,
        1,
        13,
        13,
        null,
        0,
        0,
        0,
        null,
        null,
        null,
        null,
        1,
        1,
        0,
        0,
        0,
        null,
        null,
        null,
        1,
        15,
        9,
        null,
        6,
        null,
        null,
        null
      ],
      "/home/winmad/THU/SaaS/BookManage/app/helpers/application_helper.rb": [
        1,
        null,
        null
      ],
      "/home/winmad/THU/SaaS/BookManage/app/helpers/books_helper.rb": [
        1,
        null
      ],
      "/home/winmad/THU/SaaS/BookManage/app/helpers/lib_manage_helper.rb": [
        1,
        null
      ],
      "/home/winmad/THU/SaaS/BookManage/app/helpers/readers_helper.rb": [
        1,
        null
      ],
      "/home/winmad/THU/SaaS/BookManage/app/helpers/users_helper.rb": [
        1,
        null
      ],
      "/home/winmad/THU/SaaS/BookManage/app/controllers/books_controller.rb": [
        null,
        1,
        1,
        null,
        1,
        null,
        1,
        null,
        null,
        null,
        1,
        4,
        2,
        null,
        2,
        null,
        null,
        4,
        null,
        4,
        4,
        4,
        null,
        null,
        null,
        null,
        null,
        1,
        6,
        6,
        null,
        6,
        6,
        6,
        null,
        null,
        null,
        null,
        null,
        null,
        1,
        0,
        null,
        0,
        0,
        0,
        null,
        null,
        null,
        null,
        1,
        0,
        null,
        null,
        null,
        null,
        1,
        0,
        null,
        0,
        0,
        0,
        0,
        null,
        0,
        0,
        null,
        null,
        null,
        null,
        null,
        null,
        1,
        0,
        null,
        0,
        0,
        0,
        0,
        null,
        0,
        0,
        null,
        null,
        null,
        null,
        null,
        null,
        1,
        0,
        0,
        null,
        0,
        0,
        0,
        null,
        null,
        null,
        null,
        1,
        2,
        2,
        2,
        2,
        2,
        null,
        null,
        1,
        2,
        2,
        2,
        1,
        0,
        null,
        1,
        1,
        null,
        null,
        1,
        null,
        2,
        2,
        4,
        null,
        null,
        null,
        1,
        1,
        1,
        1,
        1,
        null,
        0,
        null,
        1,
        1,
        2,
        null,
        null,
        null
      ],
      "/home/winmad/THU/SaaS/BookManage/app/models/book.rb": [
        null,
        1,
        1,
        1,
        1,
        null,
        1,
        23,
        null,
        null,
        1,
        7,
        7,
        7,
        7,
        null,
        null,
        null,
        null,
        null,
        1,
        1,
        1,
        1,
        1,
        null,
        0,
        0,
        null,
        null,
        null,
        1,
        2,
        1,
        1,
        1,
        null,
        null,
        null,
        1,
        1,
        null,
        null,
        1,
        1,
        null,
        null
      ],
      "/home/winmad/THU/SaaS/BookManage/app/controllers/lib_manage_controller.rb": [
        1,
        1,
        19,
        19,
        19,
        null,
        null
      ],
      "/home/winmad/THU/SaaS/BookManage/app/controllers/readers_controller.rb": [
        1,
        null,
        1,
        1,
        null,
        null,
        null,
        1,
        1,
        null,
        1,
        1,
        1,
        null,
        null,
        null,
        null,
        null,
        1,
        7,
        7,
        7,
        7,
        null,
        null,
        null,
        null,
        1,
        3,
        null,
        null,
        null,
        null,
        null,
        1,
        3,
        null,
        3,
        3,
        6,
        3,
        null,
        0,
        0,
        null,
        null,
        null,
        null,
        null
      ],
      "/home/winmad/THU/SaaS/BookManage/app/models/reader.rb": [
        1,
        1,
        1,
        1,
        1,
        null
      ],
      "/home/winmad/THU/SaaS/BookManage/app/controllers/users_controller.rb": [
        1,
        1,
        1,
        null,
        1,
        null,
        null,
        1,
        0,
        0,
        null,
        0,
        0,
        null,
        null,
        0,
        0,
        0,
        null,
        0,
        0,
        0,
        0,
        0,
        0,
        null,
        0,
        null,
        0,
        0,
        null,
        0,
        null,
        0,
        0,
        null,
        0,
        null,
        null,
        null,
        1,
        null,
        8,
        8,
        null,
        null,
        null,
        1,
        1,
        1,
        null,
        null,
        null,
        null,
        1,
        0,
        null,
        0,
        0,
        0,
        null,
        null,
        null,
        null,
        null,
        1,
        0,
        null,
        0,
        0,
        0,
        null,
        null,
        null,
        null,
        1,
        0,
        null,
        null,
        null,
        null,
        1,
        0,
        null,
        0,
        0,
        0,
        0,
        null,
        0,
        0,
        null,
        null,
        null,
        null,
        null,
        null,
        1,
        0,
        null,
        0,
        0,
        0,
        0,
        null,
        0,
        0,
        null,
        null,
        null,
        null,
        null,
        null,
        1,
        0,
        0,
        null,
        0,
        0,
        0,
        null,
        null,
        null
      ],
      "/home/winmad/THU/SaaS/BookManage/app/models/user.rb": [
        1,
        1,
        1,
        1,
        19,
        null,
        1,
        0,
        null,
        1,
        0,
        null,
        1,
        0,
        null,
        1,
        10,
        null,
        null
      ],
      "/home/winmad/THU/SaaS/BookManage/app/models/borrow_record.rb": [
        1,
        1,
        1,
        1,
        null
      ]
    },
    "timestamp": 1385315542
  },
  "RSpec": {
    "coverage": {
      "/home/winmad/THU/SaaS/BookManage/app/controllers/application_controller.rb": [
        1,
        1,
        null,
        1,
        null,
        1,
        44,
        26,
        4,
        null,
        null,
        44,
        null,
        null,
        1,
        7,
        6,
        null,
        null,
        null,
        1,
        3,
        2,
        null,
        1,
        1,
        1,
        null,
        null,
        null,
        null,
        1,
        2,
        1,
        1,
        1,
        null,
        null,
        null,
        1,
        21,
        0,
        null,
        21,
        null,
        null,
        null
      ],
      "/home/winmad/THU/SaaS/BookManage/app/helpers/application_helper.rb": [
        1,
        null,
        null
      ],
      "/home/winmad/THU/SaaS/BookManage/app/helpers/books_helper.rb": [
        1,
        null
      ],
      "/home/winmad/THU/SaaS/BookManage/app/helpers/lib_manage_helper.rb": [
        1,
        null
      ],
      "/home/winmad/THU/SaaS/BookManage/app/helpers/readers_helper.rb": [
        1,
        null
      ],
      "/home/winmad/THU/SaaS/BookManage/app/helpers/users_helper.rb": [
        1,
        null
      ],
      "/home/winmad/THU/SaaS/BookManage/app/controllers/books_controller.rb": [
        null,
        1,
        1,
        null,
        1,
        null,
        1,
        null,
        null,
        null,
        1,
        1,
        1,
        null,
        0,
        null,
        null,
        1,
        null,
        1,
        1,
        1,
        null,
        null,
        null,
        null,
        null,
        1,
        1,
        1,
        null,
        1,
        1,
        1,
        null,
        null,
        null,
        null,
        null,
        null,
        1,
        1,
        null,
        1,
        1,
        1,
        null,
        null,
        null,
        null,
        1,
        1,
        null,
        null,
        null,
        null,
        1,
        5,
        null,
        5,
        5,
        6,
        3,
        null,
        4,
        2,
        null,
        null,
        null,
        null,
        null,
        null,
        1,
        5,
        null,
        5,
        5,
        4,
        2,
        null,
        6,
        3,
        null,
        null,
        null,
        null,
        null,
        null,
        1,
        2,
        2,
        null,
        2,
        4,
        2,
        null,
        null,
        null,
        null,
        1,
        2,
        2,
        2,
        2,
        2,
        null,
        null,
        1,
        2,
        2,
        2,
        1,
        0,
        null,
        1,
        1,
        null,
        null,
        1,
        null,
        2,
        2,
        4,
        null,
        null,
        null,
        1,
        1,
        1,
        1,
        0,
        null,
        1,
        null,
        1,
        1,
        2,
        null,
        null,
        null
      ],
      "/home/winmad/THU/SaaS/BookManage/app/models/book.rb": [
        null,
        1,
        1,
        1,
        1,
        null,
        1,
        2,
        null,
        null,
        1,
        4,
        2,
        2,
        2,
        null,
        null,
        null,
        null,
        null,
        1,
        3,
        3,
        2,
        2,
        null,
        1,
        1,
        null,
        null,
        null,
        1,
        3,
        1,
        2,
        1,
        null,
        null,
        null,
        1,
        1,
        null,
        null,
        1,
        1,
        null,
        null
      ],
      "/home/winmad/THU/SaaS/BookManage/app/controllers/lib_manage_controller.rb": [
        1,
        1,
        1,
        1,
        1,
        null,
        null
      ],
      "/home/winmad/THU/SaaS/BookManage/app/controllers/readers_controller.rb": [
        1,
        null,
        1,
        1,
        null,
        null,
        null,
        1,
        1,
        null,
        1,
        1,
        1,
        null,
        null,
        null,
        null,
        null,
        1,
        1,
        1,
        1,
        1,
        null,
        null,
        null,
        null,
        1,
        3,
        null,
        null,
        null,
        null,
        null,
        1,
        2,
        null,
        2,
        2,
        2,
        1,
        null,
        2,
        1,
        null,
        null,
        null,
        null,
        null
      ],
      "/home/winmad/THU/SaaS/BookManage/app/models/reader.rb": [
        1,
        1,
        1,
        1,
        1,
        null
      ],
      "/home/winmad/THU/SaaS/BookManage/app/controllers/users_controller.rb": [
        1,
        1,
        1,
        null,
        1,
        null,
        null,
        1,
        5,
        5,
        null,
        5,
        0,
        null,
        null,
        0,
        0,
        0,
        null,
        0,
        0,
        0,
        0,
        0,
        0,
        null,
        0,
        null,
        0,
        0,
        null,
        0,
        null,
        0,
        0,
        null,
        0,
        null,
        null,
        null,
        1,
        null,
        0,
        0,
        null,
        null,
        null,
        1,
        1,
        1,
        null,
        null,
        null,
        null,
        1,
        1,
        null,
        1,
        1,
        1,
        null,
        null,
        null,
        null,
        null,
        1,
        1,
        null,
        1,
        1,
        1,
        null,
        null,
        null,
        null,
        1,
        1,
        null,
        null,
        null,
        null,
        1,
        5,
        null,
        5,
        5,
        6,
        3,
        null,
        4,
        2,
        null,
        null,
        null,
        null,
        null,
        null,
        1,
        5,
        null,
        5,
        5,
        4,
        2,
        null,
        6,
        3,
        null,
        null,
        null,
        null,
        null,
        null,
        1,
        2,
        2,
        null,
        2,
        4,
        2,
        null,
        null,
        null
      ],
      "/home/winmad/THU/SaaS/BookManage/app/models/user.rb": [
        1,
        1,
        1,
        1,
        1,
        null,
        1,
        1,
        null,
        1,
        1,
        null,
        1,
        1,
        null,
        1,
        1,
        null,
        null
      ],
      "/home/winmad/THU/SaaS/BookManage/app/models/borrow_record.rb": [
        1,
        1,
        1,
        1,
        null
      ]
    },
    "timestamp": 1385315405
  }
}
