{
  "RSpec": {
    "coverage": {
      "/Users/Tenut/Developer/ruby_code/book_manage/app/controllers/application_controller.rb": [
        1,
        1,
        null
      ],
      "/Users/Tenut/Developer/ruby_code/book_manage/app/helpers/application_helper.rb": [
        1,
        null
      ],
      "/Users/Tenut/Developer/ruby_code/book_manage/app/helpers/books_helper.rb": [
        1,
        null
      ],
      "/Users/Tenut/Developer/ruby_code/book_manage/app/helpers/lib_manage_helper.rb": [
        1,
        null
      ],
      "/Users/Tenut/Developer/ruby_code/book_manage/app/controllers/books_controller.rb": [
        null,
        1,
        null,
        null,
        1,
        2,
        2,
        null,
        0,
        null,
        null,
        2,
        null,
        2,
        2,
        2,
        null,
        null,
        null,
        null,
        null,
        1,
        1,
        null,
        1,
        1,
        1,
        null,
        null,
        null,
        null,
        null,
        1,
        1,
        null,
        1,
        1,
        1,
        null,
        null,
        null,
        null,
        1,
        1,
        null,
        null,
        null,
        null,
        1,
        5,
        null,
        5,
        5,
        6,
        3,
        null,
        4,
        2,
        null,
        null,
        null,
        null,
        null,
        null,
        1,
        5,
        null,
        5,
        5,
        4,
        2,
        null,
        6,
        3,
        null,
        null,
        null,
        null,
        null,
        null,
        1,
        2,
        2,
        null,
        2,
        4,
        2,
        null,
        null,
        null,
        null,
        1,
        2,
        2,
        null,
        2,
        null,
        2,
        2,
        null,
        null
      ],
      "/Users/Tenut/Developer/ruby_code/book_manage/app/models/book.rb": [
        null,
        1,
        1,
        1,
        1,
        null,
        1,
        0,
        null,
        null,
        1,
        4,
        2,
        2,
        2,
        null,
        null,
        null,
        null,
        null,
        1,
        3,
        3,
        2,
        2,
        null,
        1,
        1,
        null,
        null,
        null,
        1,
        3,
        1,
        2,
        1,
        null,
        null,
        null,
        1,
        1,
        null,
        null,
        1,
        1,
        null,
        null
      ],
      "/Users/Tenut/Developer/ruby_code/book_manage/app/controllers/lib_manage_controller.rb": [
        1,
        1,
        0,
        null,
        null
      ],
      "/Users/Tenut/Developer/ruby_code/book_manage/app/models/borrow_record.rb": [
        1,
        1,
        1,
        1,
        null
      ],
      "/Users/Tenut/Developer/ruby_code/book_manage/app/models/reader.rb": [
        1,
        1,
        1,
        1,
        null
      ]
    },
    "timestamp": 1384056733
  },
  "Cucumber Features": {
    "coverage": {
      "/Users/Tenut/Developer/ruby_code/book_manage/app/controllers/application_controller.rb": [
        1,
        1,
        null
      ],
      "/Users/Tenut/Developer/ruby_code/book_manage/app/helpers/application_helper.rb": [
        1,
        null
      ],
      "/Users/Tenut/Developer/ruby_code/book_manage/app/helpers/books_helper.rb": [
        1,
        null
      ],
      "/Users/Tenut/Developer/ruby_code/book_manage/app/helpers/lib_manage_helper.rb": [
        1,
        null
      ],
      "/Users/Tenut/Developer/ruby_code/book_manage/app/controllers/books_controller.rb": [
        null,
        1,
        null,
        null,
        1,
        4,
        2,
        null,
        2,
        null,
        null,
        4,
        null,
        4,
        4,
        4,
        null,
        null,
        null,
        null,
        null,
        1,
        0,
        null,
        0,
        0,
        0,
        null,
        null,
        null,
        null,
        null,
        1,
        0,
        null,
        0,
        0,
        0,
        null,
        null,
        null,
        null,
        1,
        0,
        null,
        null,
        null,
        null,
        1,
        0,
        null,
        0,
        0,
        0,
        0,
        null,
        0,
        0,
        null,
        null,
        null,
        null,
        null,
        null,
        1,
        0,
        null,
        0,
        0,
        0,
        0,
        null,
        0,
        0,
        null,
        null,
        null,
        null,
        null,
        null,
        1,
        0,
        0,
        null,
        0,
        0,
        0,
        null,
        null,
        null,
        null,
        1,
        2,
        2,
        null,
        2,
        null,
        2,
        2,
        null,
        null
      ],
      "/Users/Tenut/Developer/ruby_code/book_manage/app/models/book.rb": [
        null,
        1,
        1,
        1,
        1,
        null,
        1,
        0,
        null,
        null,
        1,
        2,
        1,
        1,
        1,
        null,
        null,
        null,
        1,
        1,
        null,
        null,
        1,
        1,
        null,
        null
      ],
      "/Users/Tenut/Developer/ruby_code/book_manage/app/controllers/lib_manage_controller.rb": [
        1,
        1,
        0,
        null,
        null
      ],
      "/Users/Tenut/Developer/ruby_code/book_manage/app/models/borrow_record.rb": [
        1,
        1,
        1,
        1,
        null
      ],
      "/Users/Tenut/Developer/ruby_code/book_manage/app/models/reader.rb": [
        1,
        1,
        1,
        1,
        null
      ]
    },
    "timestamp": 1384050204
  }
}
